<?xml version="1.0" encoding="UTF-8"?>
<!-- Generated by org.testng.reporters.JUnitXMLReporter -->
<testsuite ignored="3" hostname="DESKTOP-NEBF6LI" failures="0" tests="1" name="Test(failed)" time="0.09" errors="0" timestamp="2022-01-23T17:10:51 IST">
  <testcase classname="SecondTestCase" name="searchCustomer" time="0.013"/>
  <testcase classname="SecondTestCase" name="teardown" time="0.0">
    <ignored/>
  </testcase> <!-- teardown -->
  <testcase classname="SecondTestCase" name="setup" time="0.0">
    <ignored/>
  </testcase> <!-- setup -->
  <testcase classname="SecondTestCase" name="addCustomer" time="0.0">
    <ignored/>
  </testcase> <!-- addCustomer -->
</testsuite> <!-- Test(failed) -->
