<?xml version="1.0" encoding="UTF-8"?>
<!-- Generated by org.testng.reporters.JUnitXMLReporter -->
<testsuite ignored="0" hostname="DESKTOP-NEBF6LI" failures="0" tests="3" name="Default test" time="0.093" errors="0" timestamp="2022-01-24T23:04:38 IST">
  <testcase classname="DataProviderExample" name="loginTest" time="0.008"/>
  <testcase classname="DataProviderExample" name="loginTest" time="0.002"/>
  <testcase classname="DataProviderExample" name="loginTest" time="0.002"/>
</testsuite> <!-- Default test -->
