<?xml version="1.0" encoding="UTF-8"?>
<!-- Generated by org.testng.reporters.JUnitXMLReporter -->
<testsuite ignored="0" hostname="DESKTOP-NEBF6LI" failures="0" tests="4" name="annotationsdemo" time="0.159" errors="0" timestamp="2022-01-23T23:29:15 IST">
  <testcase classname="TC1" name="test1" time="0.026"/>
  <testcase classname="TC1" name="test2" time="0.005"/>
  <testcase classname="TC2" name="test3" time="0.004"/>
  <testcase classname="TC2" name="test4" time="0.005"/>
</testsuite> <!-- annotationsdemo -->
