<?xml version="1.0" encoding="UTF-8"?>
<!-- Generated by org.testng.reporters.JUnitXMLReporter -->
<testsuite ignored="3" hostname="DESKTOP-NEBF6LI" failures="0" tests="2" name="groupingTest" time="0.111" errors="0" timestamp="2022-01-24T00:28:29 IST">
  <testcase classname="GroupingExample" name="test3" time="0.019"/>
  <testcase classname="GroupingExample" name="test4" time="0.007"/>
  <testcase classname="GroupingExample" name="test5" time="0.0">
    <ignored/>
  </testcase> <!-- test5 -->
  <testcase classname="GroupingExample" name="test2" time="0.0">
    <ignored/>
  </testcase> <!-- test2 -->
  <testcase classname="GroupingExample" name="test1" time="0.0">
    <ignored/>
  </testcase> <!-- test1 -->
</testsuite> <!-- groupingTest -->
