<?xml version="1.0" encoding="UTF-8"?>
<!-- Generated by org.testng.reporters.JUnitXMLReporter -->
<testsuite ignored="0" hostname="DESKTOP-NEBF6LI" failures="0" tests="3" name="Test" time="45.867" errors="0" timestamp="2022-01-26T01:03:34 IST">
  <testcase classname="paralleltesting.ParallelTest1" name="homePageTitle" time="27.099"/>
  <testcase classname="paralleltesting.ParallelTest1" name="logoTest" time="9.336"/>
  <testcase classname="paralleltesting.parallelTest2" name="loginTest" time="9.376"/>
</testsuite> <!-- Test -->
