<?xml version="1.0" encoding="UTF-8"?>
<!-- Generated by org.testng.reporters.JUnitXMLReporter -->
<testsuite ignored="0" hostname="DESKTOP-NEBF6LI" failures="0" tests="7" name="Test" time="0.123" errors="0" timestamp="2022-01-23T17:13:54 IST">
  <testcase classname="FirstTestCase" name="setup" time="0.01"/>
  <testcase classname="FirstTestCase" name="login" time="0.002"/>
  <testcase classname="FirstTestCase" name="teardown" time="0.002"/>
  <testcase classname="SecondTestCase" name="setup" time="0.004"/>
  <testcase classname="SecondTestCase" name="addCustomer" time="0.003"/>
  <testcase classname="SecondTestCase" name="searchCustomer" time="0.005"/>
  <testcase classname="SecondTestCase" name="teardown" time="0.004"/>
</testsuite> <!-- Test -->
