<?xml version="1.0" encoding="UTF-8"?>
<testng-results ignored="0" total="3" passed="3" failed="0" skipped="0">
  <reporter-output>
  </reporter-output>
  <suite started-at="2022-01-26T01:02:49 IST" name="Suite" finished-at="2022-01-26T01:03:34 IST" duration-ms="45867">
    <groups>
    </groups>
    <test started-at="2022-01-26T01:02:49 IST" name="Test" finished-at="2022-01-26T01:03:34 IST" duration-ms="45867">
      <class name="paralleltesting.ParallelTest1">
        <test-method signature="homePageTitle()[pri:0, instance:paralleltesting.ParallelTest1@2f217633]" started-at="2022-01-26T01:02:49 IST" name="homePageTitle" finished-at="2022-01-26T01:03:16 IST" duration-ms="27099" status="PASS">
          <reporter-output>
          </reporter-output>
        </test-method> <!-- homePageTitle -->
        <test-method signature="logoTest()[pri:0, instance:paralleltesting.ParallelTest1@2f217633]" started-at="2022-01-26T01:03:16 IST" name="logoTest" finished-at="2022-01-26T01:03:25 IST" duration-ms="9336" status="PASS">
          <reporter-output>
          </reporter-output>
        </test-method> <!-- logoTest -->
      </class> <!-- paralleltesting.ParallelTest1 -->
      <class name="paralleltesting.parallelTest2">
        <test-method signature="loginTest()[pri:0, instance:paralleltesting.parallelTest2@58d75e99]" started-at="2022-01-26T01:03:25 IST" name="loginTest" finished-at="2022-01-26T01:03:34 IST" duration-ms="9376" status="PASS">
          <reporter-output>
          </reporter-output>
        </test-method> <!-- loginTest -->
      </class> <!-- paralleltesting.parallelTest2 -->
    </test> <!-- Test -->
  </suite> <!-- Suite -->
</testng-results>
